Vercel CLI 54.21.1 (Node.js 24.18.0)
Retrieving project…
Deploying meernot1-3153s-projects/bachat-bazar-five
Uploading [--------------------] (0.0B/407.1KB)
Uploading [=====---------------] (112.0KB/407.1KB)
Uploading [==========----------] (208.0KB/407.1KB)
Uploading [===============-----] (320.0KB/407.1KB)
Uploading [====================] (407.1KB/407.1KB)
  Inspect         https://vercel.com/meernot1-3153s-projects/bachat-bazar-five/2HC79fbFTmuKbqN8XzmwrvzZf4zo
  Production      https://bachat-bazar-five-j2zm3mo56-meernot1-3153s-projects.vercel.app
https://bachat-bazar-five-j2zm3mo56-meernot1-3153s-projects.vercel.appBuilding…
Running build in Washington, D.C., USA (East) – iad1
Build machine configuration: 2 cores, 8 GB
Retrieving list of deployment files...
Retrieving list of deployment files...
Downloading 1491 deployment files...
Restored build cache from previous deployment (G2zUpLE64VQMkSgyHDREeUid2KTR)
Running "vercel build"
Vercel CLI 54.21.1
Running "install" command: `npm install`...
up to date, audited 830 packages in 11s
284 packages are looking for funding
run `npm fund` for details
9 moderate severity vulnerabilities
To address all issues (including breaking changes), run:
npm audit fix --force
Run `npm audit` for details.
Detected Next.js version: 16.2.10
Running "npx next build"
Applying modifyConfig from Vercel
▲ Next.js 16.2.10 (Turbopack)
- Environments: .env
Creating an optimized production build ...
✓ Compiled successfully in 6.9s
Skipping validation of types
Finished TypeScript config validation in 10ms ...
Collecting page data using 1 worker ...
Generating static pages using 1 worker (0/6) ...
Generating static pages using 1 worker (1/6)
Generating static pages using 1 worker (2/6)
Generating static pages using 1 worker (4/6)
✓ Generating static pages using 1 worker (6/6) in 166ms
Finalizing page optimization ...
Running onBuildComplete from Vercel
Detected .env file, it is strongly recommended to use Vercel's env handling instead
Route (app)
┌ ○ /
├ ○ /_not-found
├ ƒ /api
├ ○ /robots.txt
└ ○ /sitemap.xml
○  (Static)   prerendered as static content
ƒ  (Dynamic)  server-rendered on demand
Build Completed in /vercel/output [21s]
Deploying outputs...
Deployment completed
Creating build cache...
[2K[1A[2K[G  Production      https://bachat-bazar-five-j2zm3mo56-meernot1-3153s-projects.vercel.app
Completing…
▲ Aliased         https://bachat-bazar-five-ten.vercel.app

✓ Ready in 59s
